Unity Editor version:    6000.2.13f1 (abdb44fca7f7)
Branch:                  6000.2/staging
Build type:              Release
Batch mode:              YES
macOS version:           Version 15.3.2 (Build 24D81)
Darwin version:          24.3.0
Architecture:            arm64
Running under Rosetta:   NO
Available memory:        8192 MB
Date:                    2025-11-24T11:56:44Z
[Licensing::Module] Trying to connect to existing licensing client channel...
[Licensing::IpcConnector] Successfully connected to: "LicenseClient-mohammedwalidadawy" at "2025-11-24T11:56:44.950055Z"

COMMAND LINE ARGUMENTS:
/Applications/Unity/Hub/Editor/6000.2.13f1/Unity.app/Contents/MacOS/Unity
-adb2
-batchMode
-noUpm
-name
AssetImportWorker0
-projectPath
/Users/mohammedwalidadawy/My project
-logFile
Logs/AssetImportWorker0.log
-srvPort
49296
-licensingIpc
LicenseClient-mohammedwalidadawy
-job-worker-count
3
-background-job-worker-count
8
-gc-helper-count
1
-name AssetImport
Successfully changed project path to: /Users/mohammedwalidadawy/My project
/Users/mohammedwalidadawy/My project
[UnityMemory] Configuration Parameters - Can be set up in boot.config
    "memorysetup-allocator-temp-initial-block-size-main=262144"
    "memorysetup-allocator-temp-initial-block-size-worker=262144"
    "memorysetup-bucket-allocator-granularity=16"
    "memorysetup-bucket-allocator-bucket-count=8"
    "memorysetup-bucket-allocator-block-size=33554432"
    "memorysetup-bucket-allocator-block-count=8"
    "memorysetup-main-allocator-block-size=16777216"
    "memorysetup-thread-allocator-block-size=16777216"
    "memorysetup-gfx-main-allocator-block-size=16777216"
    "memorysetup-gfx-thread-allocator-block-size=16777216"
    "memorysetup-cache-allocator-block-size=4194304"
    "memorysetup-typetree-allocator-block-size=2097152"
    "memorysetup-profiler-bucket-allocator-granularity=16"
    "memorysetup-profiler-bucket-allocator-bucket-count=8"
    "memorysetup-profiler-bucket-allocator-block-size=33554432"
    "memorysetup-profiler-bucket-allocator-block-count=8"
    "memorysetup-profiler-allocator-block-size=16777216"
    "memorysetup-profiler-editor-allocator-block-size=1048576"
    "memorysetup-temp-allocator-size-main=16777216"
    "memorysetup-job-temp-allocator-block-size=2097152"
    "memorysetup-job-temp-allocator-block-size-background=1048576"
    "memorysetup-job-temp-allocator-reduction-small-platforms=262144"
    "memorysetup-temp-allocator-size-background-worker=32768"
    "memorysetup-temp-allocator-size-job-worker=262144"
    "memorysetup-temp-allocator-size-preload-manager=33554432"
    "memorysetup-temp-allocator-size-nav-mesh-worker=65536"
    "memorysetup-temp-allocator-size-audio-worker=65536"
    "memorysetup-temp-allocator-size-cloud-worker=32768"
    "memorysetup-temp-allocator-size-gi-baking-worker=262144"
    "memorysetup-temp-allocator-size-gi-baking-worker=262144"
    "memorysetup-temp-allocator-size-gi-baking-worker=262144"
    "memorysetup-temp-allocator-size-gi-baking-worker=262144"
    "memorysetup-temp-allocator-size-gi-baking-worker=262144"
    "memorysetup-temp-allocator-size-gfx=262144"
Player connection [8499595328]  Target information:

Player connection [8499595328]  * "[IP] 192.168.1.43 [Port] 0 [Flags] 2 [Guid] 2190151051 [EditorId] 2190151051 [Version] 1048832 [Id] OSXEditor(0,Hayas-MacBook-Air.local) [Debug] 1 [PackageName] OSXEditor [ProjectName] Editor" 

Player connection [8499595328] Host joined multi-casting on [225.0.0.222:54997]...
Player connection [8499595328] Host joined alternative multi-casting on [225.0.0.222:34997]...
JobSystem: Creating JobQueue using job-worker-count value 3
Input System module state changed to: Initialized.
[Physics::Module] Initialized fallback backend.
[Physics::Module] Id: 0xdecafbad
Library Redirect Path: Library/
[Physics::Module] Selected backend.
[Physics::Module] Name: PhysX
[Physics::Module] Id: 0xf2b8ea05
[Physics::Module] SDK Version: 4.1.2
[Physics::Module] Integration Version: 1.0.0
[Physics::Module] Threading Mode: Multi-Threaded
Refreshing native plugins compatible for Editor in 5.68 ms, found 1 plugins.
Preloading 0 native plugins for Editor in 0.00 ms.
Initialize engine version: 6000.2.13f1 (abdb44fca7f7)
[Subsystems] Discovering subsystems at path /Applications/Unity/Hub/Editor/6000.2.13f1/Unity.app/Contents/Resources/UnitySubsystems
[Subsystems] Discovering subsystems at path /Users/mohammedwalidadawy/My project/Assets
GfxDevice: creating device client; kGfxThreadingModeNonThreaded
 preferred device: Apple M1 (high power)
Metal devices available: 1
0: Apple M1 (high power)
Using device Apple M1 (high power)
Initializing Metal device caps: Apple M1
Mac GPU Family: 2
Apple GPU Family: 7
MSL Version: 3.0
Has Float MSAA: 1
Has Float Filtering: 1
ReadWrite Texture Tier: 2
[Licensing::Client] Error: HandshakeResponse reported an error:
	ResponseCode: 505
	ResponseStatus: Unsupported protocol version '1.17.4'.
[Licensing::Module] Error: Failed to handshake to channel: "LicenseClient-mohammedwalidadawy"
[Licensing::IpcConnector] LicenseClient-mohammedwalidadawy channel disconnected successfully.
[Licensing::IpcConnector] Successfully connected to: "LicenseClient-mohammedwalidadawy-6000.2.13" at "2025-11-24T11:56:46.085019Z"
[Licensing::Client] Code 1 while verifying Licensing Client signature (process Id: 1242, path: "/Applications/Unity/Hub/Editor/6000.2.13f1/Unity.app/Contents/Frameworks/UnityLicensingClient.app/Contents/MacOS/Unity.Licensing.Client")
[Licensing::Module] LicensingClient has failed validation; ignoring
[Licensing::Client] Handshaking with LicensingClient:
  Version:                 1.17.4+4293ba1
  Session Id:              33fdb9e641a34b07a0b6c3ef4a7acde4
  Correlation Id:          429488a42e96acc4a713f6385bcdd813
  External correlation Id: 19216839195859979
  Machine Id:              AWl1+EjfmNC2224OmNn4Z6WQwZg=
[Licensing::Module] Successfully connected to LicensingClient on channel: "LicenseClient-mohammedwalidadawy-6000.2.13" (connect: 0.00s, validation: 0.04s, handshake: 0.03s)
[Licensing::IpcConnector] Successfully connected to: "LicenseClient-mohammedwalidadawy-6000.2.13-notifications" at "2025-11-24T11:56:46.15292Z"
[Licensing::Module] Licensing Background thread has ended after 1.20s
Initialize mono
Mono path[0] = '/Applications/Unity/Hub/Editor/6000.2.13f1/Unity.app/Contents/Managed'
Mono path[1] = '/Applications/Unity/Hub/Editor/6000.2.13f1/Unity.app/Contents/MonoBleedingEdge/lib/mono/unityjit-macos'
Mono config path = '/Applications/Unity/Hub/Editor/6000.2.13f1/Unity.app/Contents/MonoBleedingEdge/etc'
Using monoOptions --debugger-agent=transport=dt_socket,embedding=1,server=y,suspend=n,address=127.0.0.1:56433
Begin MonoManager ReloadAssembly
Registering precompiled unity dll's ...
Register platform support module: /Applications/Unity/Hub/Editor/6000.2.13f1/PlaybackEngines/WebGLSupport/UnityEditor.WebGL.Extensions.dll
Register platform support module: /Applications/Unity/Hub/Editor/6000.2.13f1/Unity.app/Contents/PlaybackEngines/MacStandaloneSupport/UnityEditor.OSXStandalone.Extensions.dll
Registered in 0.001936 seconds.
- Loaded All Assemblies, in  0.482 seconds
Native extension for OSXStandalone target not found
Native extension for WebGL target not found
Mono: successfully reloaded assembly
- Finished resetting the current domain, in  0.383 seconds
Domain Reload Profiling: 865ms
	BeginReloadAssembly (154ms)
		ExecutionOrderSort (0ms)
		DisableScriptedObjects (0ms)
		BackupInstance (0ms)
		ReleaseScriptingObjects (0ms)
		CreateAndSetChildDomain (1ms)
	RebuildCommonClasses (50ms)
	RebuildNativeTypeToScriptingClass (17ms)
	initialDomainReloadingComplete (57ms)
	LoadAllAssembliesAndSetupDomain (203ms)
		LoadAssemblies (154ms)
		RebuildTransferFunctionScriptingTraits (0ms)
		AnalyzeDomain (198ms)
			TypeCache.Refresh (195ms)
				TypeCache.ScanAssembly (176ms)
			BuildScriptInfoCaches (0ms)
			ResolveRequiredComponents (1ms)
	FinalizeReload (383ms)
		ReleaseScriptCaches (0ms)
		RebuildScriptCaches (0ms)
		SetupLoadedEditorAssemblies (334ms)
			LogAssemblyErrors (0ms)
			InitializePlatformSupportModulesInManaged (55ms)
			SetLoadedEditorAssemblies (5ms)
			BeforeProcessingInitializeOnLoad (76ms)
			ProcessInitializeOnLoadAttributes (128ms)
			ProcessInitializeOnLoadMethodAttributes (70ms)
			AfterProcessingInitializeOnLoad (0ms)
			EditorAssembliesLoaded (0ms)
		ExecutionOrderSort2 (0ms)
		AwakeInstancesAfterBackupRestoration (0ms)
[CoreBusinessMetrics] Unexpected thread when updating session info.
========================================================================
Worker process is ready to serve import requests
Import Worker Mode flag is 0x00
Begin MonoManager ReloadAssembly
[Licensing::Client] Successfully resolved entitlement details
[Licensing::Module] License group:
  Id: 11270620889547-UnityPersXXXX
  Product: Unity Personal
  Type: Assigned
  Expiration: Unlimited
- Loaded All Assemblies, in  0.832 seconds
Refreshing native plugins compatible for Editor in 0.32 ms, found 1 plugins.
Native extension for OSXStandalone target not found
Native extension for WebGL target not found
Package Manager log level set to [2]
[Package Manager] Failed to launch server process. Reason: Unity was launched with the -noUpm command-line argument
[Package Manager] Unable to send message (not connected to server process).
[Package Manager] Cannot connect to Unity Package Manager local server
Mono: successfully reloaded assembly
- Finished resetting the current domain, in  0.771 seconds
Domain Reload Profiling: 1595ms
	BeginReloadAssembly (176ms)
		ExecutionOrderSort (0ms)
		DisableScriptedObjects (6ms)
		BackupInstance (0ms)
		ReleaseScriptingObjects (0ms)
		CreateAndSetChildDomain (50ms)
	RebuildCommonClasses (46ms)
	RebuildNativeTypeToScriptingClass (16ms)
	initialDomainReloadingComplete (36ms)
	LoadAllAssembliesAndSetupDomain (550ms)
		LoadAssemblies (358ms)
		RebuildTransferFunctionScriptingTraits (0ms)
		AnalyzeDomain (267ms)
			TypeCache.Refresh (212ms)
				TypeCache.ScanAssembly (192ms)
			BuildScriptInfoCaches (40ms)
			ResolveRequiredComponents (11ms)
	FinalizeReload (771ms)
		ReleaseScriptCaches (0ms)
		RebuildScriptCaches (0ms)
		SetupLoadedEditorAssemblies (556ms)
			LogAssemblyErrors (0ms)
			InitializePlatformSupportModulesInManaged (3ms)
			SetLoadedEditorAssemblies (5ms)
			BeforeProcessingInitializeOnLoad (134ms)
			ProcessInitializeOnLoadAttributes (366ms)
			ProcessInitializeOnLoadMethodAttributes (47ms)
			AfterProcessingInitializeOnLoad (1ms)
			EditorAssembliesLoaded (0ms)
		ExecutionOrderSort2 (0ms)
		AwakeInstancesAfterBackupRestoration (3ms)
WARNING: Shader Unsupported: 'Universal Render Pipeline/VR/SpatialMapping/Wireframe' - All subshaders removed
WARNING: Shader Did you use #pragma only_renderers and omit this platform?
WARNING: Shader If subshaders removal was intentional, you may have forgotten turning Fallback off?
WARNING: Shader Unsupported: 'Universal Render Pipeline/VR/SpatialMapping/Wireframe' - All subshaders removed
WARNING: Shader Did you use #pragma only_renderers and omit this platform?
WARNING: Shader If subshaders removal was intentional, you may have forgotten turning Fallback off?
Launching external process: /Applications/Unity/Hub/Editor/6000.2.13f1/Unity.app/Contents/Tools/UnityShaderCompiler
Launched and connected shader compiler UnityShaderCompiler after 0.28 seconds
Refreshing native plugins compatible for Editor in 0.48 ms, found 1 plugins.
Preloading 0 native plugins for Editor in 0.00 ms.
Unloading 15 Unused Serialized files (Serialized files now loaded: 0)
Unloading 6127 unused Assets / (3.8 MB). Loaded Objects now: 6822.
Memory consumption went from 135.1 MB to 131.3 MB.
Total: 12.654458 ms (FindLiveObjects: 2.808834 ms CreateObjectMapping: 0.390791 ms MarkObjects: 6.702000 ms  DeleteObjects: 2.752042 ms)

========================================================================
Received Import Request.
  Time since last request: 1958.275542 seconds.
  path: Assets/Distant Lands/Free Characters/Scenes/Demo.unity
  artifactKey: Guid(b2d389981e26b0a4c82318e8f7bab258) Importer(815301076,1909f56bfc062723c751e8b465ee728b)
Start importing Assets/Distant Lands/Free Characters/Scenes/Demo.unity using Guid(b2d389981e26b0a4c82318e8f7bab258) Importer(815301076,1909f56bfc062723c751e8b465ee728b) (PreviewImporter) -> (artifact id: 'e345405b8710167445043b82f9c1ac33') in 0.019419458 seconds
Number of updated asset objects reloaded before import = 0Number of asset objects unloaded after import = 0

========================================================================
Received Import Request.
  Time since last request: 266.826271 seconds.
  path: Assets/Distant Lands/Free Characters/Contents/Materials/Hair 3.mat
  artifactKey: Guid(5605e5920a541bf408757aac3099af95) Importer(2089858483,192608db42251d675da83286b1cce702)
Start importing Assets/Distant Lands/Free Characters/Contents/Materials/Hair 3.mat using Guid(5605e5920a541bf408757aac3099af95) Importer(2089858483,192608db42251d675da83286b1cce702) (ScriptedImporter) -> (artifact id: 'ee39fa124d16f68c7c5a223524ebd3e4') in 0.264640584 seconds
Number of updated asset objects reloaded before import = 0Number of asset objects unloaded after import = 1

========================================================================
Received Import Request.
  Time since last request: 0.000066 seconds.
  path: Assets/Distant Lands/Free Characters/Contents/Prefabs/Legacy Characters/Female 3.prefab
  artifactKey: Guid(179834d73a2f4d74f8db9c0303c8e0ec) Importer(2089858483,192608db42251d675da83286b1cce702)
Start importing Assets/Distant Lands/Free Characters/Contents/Prefabs/Legacy Characters/Female 3.prefab using Guid(179834d73a2f4d74f8db9c0303c8e0ec) Importer(2089858483,192608db42251d675da83286b1cce702) (ScriptedImporter) -> (artifact id: '117d92fdd583d3e84f8965708df77066') in 0.044534708 seconds
Number of updated asset objects reloaded before import = 0Number of asset objects unloaded after import = 106

========================================================================
Received Import Request.
  Time since last request: 0.000061 seconds.
  path: Assets/Distant Lands/Free Characters/Contents/Prefabs/Legacy Characters/Female 1.prefab
  artifactKey: Guid(85c0a17cb59c1814aa0c13c6a6662565) Importer(2089858483,192608db42251d675da83286b1cce702)
Start importing Assets/Distant Lands/Free Characters/Contents/Prefabs/Legacy Characters/Female 1.prefab using Guid(85c0a17cb59c1814aa0c13c6a6662565) Importer(2089858483,192608db42251d675da83286b1cce702) (ScriptedImporter) -> (artifact id: 'd171fe8ad0ca3c1c654a571017e09b37') in 0.008265209 seconds
Number of updated asset objects reloaded before import = 0Number of asset objects unloaded after import = 106

========================================================================
Received Import Request.
  Time since last request: 0.000043 seconds.
  path: Assets/Distant Lands/Free Characters/Contents/Prefabs/Female 4.prefab
  artifactKey: Guid(bda9b0031f8f38e4e98e7780f1fea9b8) Importer(2089858483,192608db42251d675da83286b1cce702)
Start importing Assets/Distant Lands/Free Characters/Contents/Prefabs/Female 4.prefab using Guid(bda9b0031f8f38e4e98e7780f1fea9b8) Importer(2089858483,192608db42251d675da83286b1cce702) (ScriptedImporter) -> (artifact id: '5857bda4f10179fc5a46b7f0d2a6a57d') in 0.009654792 seconds
Number of updated asset objects reloaded before import = 0Number of asset objects unloaded after import = 142

========================================================================
Received Import Request.
  Time since last request: 0.000044 seconds.
  path: Assets/Distant Lands/Free Characters/Contents/Materials/Skin 1.mat
  artifactKey: Guid(0cb07277ecdcb6547ad06f13b33b4736) Importer(2089858483,192608db42251d675da83286b1cce702)
Start importing Assets/Distant Lands/Free Characters/Contents/Materials/Skin 1.mat using Guid(0cb07277ecdcb6547ad06f13b33b4736) Importer(2089858483,192608db42251d675da83286b1cce702) (ScriptedImporter) -> (artifact id: 'aa5efa95a631f671517167f90f8256cb') in 0.004377334 seconds
Number of updated asset objects reloaded before import = 0Number of asset objects unloaded after import = 1

========================================================================
Received Import Request.
  Time since last request: 0.000044 seconds.
  path: Assets/Distant Lands/Free Characters/Contents/Prefabs
  artifactKey: Guid(0d4ca26c1372cbe438263767ef30ba5a) Importer(2089858483,192608db42251d675da83286b1cce702)
Start importing Assets/Distant Lands/Free Characters/Contents/Prefabs using Guid(0d4ca26c1372cbe438263767ef30ba5a) Importer(2089858483,192608db42251d675da83286b1cce702) (ScriptedImporter) -> (artifact id: '70acb3930549bfc922da39c5e7194672') in 0.002812208 seconds
Number of updated asset objects reloaded before import = 0Number of asset objects unloaded after import = 1

========================================================================
Received Import Request.
  Time since last request: 0.000059 seconds.
  path: Assets/Distant Lands/Free Characters/Contents/Prefabs/Legacy Characters/Male 2.prefab
  artifactKey: Guid(25ff9301fb61050489c4885d05047d32) Importer(2089858483,192608db42251d675da83286b1cce702)
Start importing Assets/Distant Lands/Free Characters/Contents/Prefabs/Legacy Characters/Male 2.prefab using Guid(25ff9301fb61050489c4885d05047d32) Importer(2089858483,192608db42251d675da83286b1cce702) (ScriptedImporter) -> (artifact id: '274050d4645a026e446e716fbccc061c') in 0.008994 seconds
Number of updated asset objects reloaded before import = 0Number of asset objects unloaded after import = 110

========================================================================
Received Import Request.
  Time since last request: 0.000058 seconds.
  path: Assets/Distant Lands/Free Characters/Contents/Materials/Hair 4.mat
  artifactKey: Guid(ebe0fedcf36050348ae48d12e109f895) Importer(2089858483,192608db42251d675da83286b1cce702)
Start importing Assets/Distant Lands/Free Characters/Contents/Materials/Hair 4.mat using Guid(ebe0fedcf36050348ae48d12e109f895) Importer(2089858483,192608db42251d675da83286b1cce702) (ScriptedImporter) -> (artifact id: 'd020ea191e78ba09cc32b156cbf28073') in 0.004086792 seconds
Number of updated asset objects reloaded before import = 0Number of asset objects unloaded after import = 1

========================================================================
Received Import Request.
  Time since last request: 0.000045 seconds.
  path: Assets/Distant Lands/Free Characters/Contents/Mesh/Female Hands.fbx
  artifactKey: Guid(d9979e9ec1784f8418ec3118f7edb3b2) Importer(2089858483,192608db42251d675da83286b1cce702)
Start importing Assets/Distant Lands/Free Characters/Contents/Mesh/Female Hands.fbx using Guid(d9979e9ec1784f8418ec3118f7edb3b2) Importer(2089858483,192608db42251d675da83286b1cce702) (ScriptedImporter) -> (artifact id: '134ef8303de979858aa9a9b8d8bd5826') in 0.0498965 seconds
Number of updated asset objects reloaded before import = 0Number of asset objects unloaded after import = 142

========================================================================
Received Import Request.
  Time since last request: 0.000048 seconds.
  path: Assets/Distant Lands/Free Characters/Contents/Materials
  artifactKey: Guid(1208d9cd5f4722c4ab718ba9a03d1fff) Importer(2089858483,192608db42251d675da83286b1cce702)
Start importing Assets/Distant Lands/Free Characters/Contents/Materials using Guid(1208d9cd5f4722c4ab718ba9a03d1fff) Importer(2089858483,192608db42251d675da83286b1cce702) (ScriptedImporter) -> (artifact id: '73bffc1ebbbe91b1edee4804377d1da9') in 0.00372725 seconds
Number of updated asset objects reloaded before import = 0Number of asset objects unloaded after import = 1

========================================================================
Received Import Request.
  Time since last request: 0.000049 seconds.
  path: Assets/Distant Lands/Free Characters/Scenes/Demo.unity
  artifactKey: Guid(b2d389981e26b0a4c82318e8f7bab258) Importer(2089858483,192608db42251d675da83286b1cce702)
Start importing Assets/Distant Lands/Free Characters/Scenes/Demo.unity using Guid(b2d389981e26b0a4c82318e8f7bab258) Importer(2089858483,192608db42251d675da83286b1cce702) (ScriptedImporter) -> (artifact id: 'ba9f1c10a3ac55ca091d97cb17bfc073') in 0.004087125 seconds
Number of updated asset objects reloaded before import = 0Number of asset objects unloaded after import = 1

========================================================================
Received Import Request.
  Time since last request: 0.000073 seconds.
  path: Assets/Distant Lands/Free Characters/Contents/Materials/Skin 3.mat
  artifactKey: Guid(f8709670b974bb34b9bb5bde311063da) Importer(2089858483,192608db42251d675da83286b1cce702)
Start importing Assets/Distant Lands/Free Characters/Contents/Materials/Skin 3.mat using Guid(f8709670b974bb34b9bb5bde311063da) Importer(2089858483,192608db42251d675da83286b1cce702) (ScriptedImporter) -> (artifact id: '27f1cca02c9e43ff569ec4530eebe669') in 0.005204458 seconds
Number of updated asset objects reloaded before import = 0Number of asset objects unloaded after import = 1

========================================================================
Received Import Request.
  Time since last request: 0.000059 seconds.
  path: Assets/Distant Lands/Free Characters/Contents/Prefabs/Male 3.prefab
  artifactKey: Guid(619f88d1e87438a43a166f80364f0fd4) Importer(2089858483,192608db42251d675da83286b1cce702)
Start importing Assets/Distant Lands/Free Characters/Contents/Prefabs/Male 3.prefab using Guid(619f88d1e87438a43a166f80364f0fd4) Importer(2089858483,192608db42251d675da83286b1cce702) (ScriptedImporter) -> (artifact id: 'cc90daf414d03405a03cf6e9fddc2683') in 0.011238875 seconds
Number of updated asset objects reloaded before import = 0Number of asset objects unloaded after import = 146

========================================================================
Received Import Request.
  Time since last request: 0.000074 seconds.
  path: Assets/3D Laboratory Environment with Appratus/Scenes/Laboratory Scene.unity
  artifactKey: Guid(9fc0d4010bbf28b4594072e72b8655ab) Importer(2089858483,192608db42251d675da83286b1cce702)
Start importing Assets/3D Laboratory Environment with Appratus/Scenes/Laboratory Scene.unity using Guid(9fc0d4010bbf28b4594072e72b8655ab) Importer(2089858483,192608db42251d675da83286b1cce702) (ScriptedImporter) -> (artifact id: '886dc17ec4e06406c02df8ba144352f3') in 0.032836541 seconds
Number of updated asset objects reloaded before import = 0Number of asset objects unloaded after import = 1

========================================================================
Received Import Request.
  Time since last request: 0.000065 seconds.
  path: Assets/Distant Lands/Free Characters/Contents
  artifactKey: Guid(e06ab242b464bcb4ab72392773d7de83) Importer(2089858483,192608db42251d675da83286b1cce702)
Start importing Assets/Distant Lands/Free Characters/Contents using Guid(e06ab242b464bcb4ab72392773d7de83) Importer(2089858483,192608db42251d675da83286b1cce702) (ScriptedImporter) -> (artifact id: '03a9f62d955ebab374c579847c3829ae') in 0.002699416 seconds
Number of updated asset objects reloaded before import = 0Number of asset objects unloaded after import = 1

========================================================================
Received Import Request.
  Time since last request: 0.000056 seconds.
  path: Assets/Distant Lands/Free Characters/Contents/Prefabs/Male 2.prefab
  artifactKey: Guid(730000931cae1454c8083362445e8f75) Importer(2089858483,192608db42251d675da83286b1cce702)
Start importing Assets/Distant Lands/Free Characters/Contents/Prefabs/Male 2.prefab using Guid(730000931cae1454c8083362445e8f75) Importer(2089858483,192608db42251d675da83286b1cce702) (ScriptedImporter) -> (artifact id: 'b21e796898a6ebf79a419e738b1f652a') in 0.012823834 seconds
Number of updated asset objects reloaded before import = 0Number of asset objects unloaded after import = 146

========================================================================
Received Import Request.
  Time since last request: 0.000077 seconds.
  path: Assets/Distant Lands/Free Characters/Contents/Materials/Fabric 3.mat
  artifactKey: Guid(6425d2b4aa9744543a7391465ae1e706) Importer(2089858483,192608db42251d675da83286b1cce702)
Start importing Assets/Distant Lands/Free Characters/Contents/Materials/Fabric 3.mat using Guid(6425d2b4aa9744543a7391465ae1e706) Importer(2089858483,192608db42251d675da83286b1cce702) (ScriptedImporter) -> (artifact id: 'bd520bc7e8604c487babdcc33bac0092') in 0.00640375 seconds
Number of updated asset objects reloaded before import = 0Number of asset objects unloaded after import = 1

========================================================================
Received Import Request.
  Time since last request: 0.000063 seconds.
  path: Assets/Distant Lands/Free Characters/Contents/Materials/Shirt 1.mat
  artifactKey: Guid(e3c92db89668ebb439f67832a852a3b4) Importer(2089858483,192608db42251d675da83286b1cce702)
Start importing Assets/Distant Lands/Free Characters/Contents/Materials/Shirt 1.mat using Guid(e3c92db89668ebb439f67832a852a3b4) Importer(2089858483,192608db42251d675da83286b1cce702) (ScriptedImporter) -> (artifact id: 'bf6aca61aa43853598634141d6066373') in 0.008859333 seconds
Number of updated asset objects reloaded before import = 0Number of asset objects unloaded after import = 1

========================================================================
Received Import Request.
  Time since last request: 0.000056 seconds.
  path: Assets/Distant Lands/Free Characters/Contents/Mesh/Male.fbx
  artifactKey: Guid(8c28075e6e1a5c34ca899fd618879dd4) Importer(2089858483,192608db42251d675da83286b1cce702)
Start importing Assets/Distant Lands/Free Characters/Contents/Mesh/Male.fbx using Guid(8c28075e6e1a5c34ca899fd618879dd4) Importer(2089858483,192608db42251d675da83286b1cce702) (ScriptedImporter) -> (artifact id: 'f41c271655aba48dc3773952719587b3') in 0.035640125 seconds
Number of updated asset objects reloaded before import = 0Number of asset objects unloaded after import = 110

========================================================================
Received Import Request.
  Time since last request: 0.000102 seconds.
  path: Assets/Distant Lands/Free Characters/Contents/Materials/Skin 2.mat
  artifactKey: Guid(17f1bd9c4bd45454ebf9855e7dfda148) Importer(2089858483,192608db42251d675da83286b1cce702)
Start importing Assets/Distant Lands/Free Characters/Contents/Materials/Skin 2.mat using Guid(17f1bd9c4bd45454ebf9855e7dfda148) Importer(2089858483,192608db42251d675da83286b1cce702) (ScriptedImporter) -> (artifact id: '6e582a50eea64a30f73d6591dd382493') in 0.006242 seconds
Number of updated asset objects reloaded before import = 0Number of asset objects unloaded after import = 1

========================================================================
Received Import Request.
  Time since last request: 0.000086 seconds.
  path: Assets/Distant Lands/Free Characters/Contents/Materials/Hair 2.mat
  artifactKey: Guid(2b11d852be6fc6643a7304ad7ee36ce9) Importer(2089858483,192608db42251d675da83286b1cce702)
Start importing Assets/Distant Lands/Free Characters/Contents/Materials/Hair 2.mat using Guid(2b11d852be6fc6643a7304ad7ee36ce9) Importer(2089858483,192608db42251d675da83286b1cce702) (ScriptedImporter) -> (artifact id: '73782ff07538470fa7bb4799c11c41c7') in 0.005409083 seconds
Number of updated asset objects reloaded before import = 0Number of asset objects unloaded after import = 1

========================================================================
Received Import Request.
  Time since last request: 0.000080 seconds.
  path: Assets/Distant Lands/Free Characters/Contents/Prefabs/Female 1.prefab
  artifactKey: Guid(fcabbf6dce97b4143895e121697800f1) Importer(2089858483,192608db42251d675da83286b1cce702)
Start importing Assets/Distant Lands/Free Characters/Contents/Prefabs/Female 1.prefab using Guid(fcabbf6dce97b4143895e121697800f1) Importer(2089858483,192608db42251d675da83286b1cce702) (ScriptedImporter) -> (artifact id: '50bd1f0e04d19e7e7309e2e91c100a0c') in 0.015162375 seconds
Number of updated asset objects reloaded before import = 0Number of asset objects unloaded after import = 142

========================================================================
Received Import Request.
  Time since last request: 0.000086 seconds.
  path: Assets/Distant Lands/Free Characters/Contents/Materials/Hair 1.mat
  artifactKey: Guid(a4b9d3f58b80099439bedb92279c3590) Importer(2089858483,192608db42251d675da83286b1cce702)
Start importing Assets/Distant Lands/Free Characters/Contents/Materials/Hair 1.mat using Guid(a4b9d3f58b80099439bedb92279c3590) Importer(2089858483,192608db42251d675da83286b1cce702) (ScriptedImporter) -> (artifact id: '2ce07b58e40d649f035555eedfac1281') in 0.009509917 seconds
Number of updated asset objects reloaded before import = 0Number of asset objects unloaded after import = 1

========================================================================
Received Import Request.
  Time since last request: 0.000073 seconds.
  path: Assets/Distant Lands/Free Characters/Contents/Prefabs/Male 1.prefab
  artifactKey: Guid(5da73550c90a266498e0fcd9c6437148) Importer(2089858483,192608db42251d675da83286b1cce702)
Start importing Assets/Distant Lands/Free Characters/Contents/Prefabs/Male 1.prefab using Guid(5da73550c90a266498e0fcd9c6437148) Importer(2089858483,192608db42251d675da83286b1cce702) (ScriptedImporter) -> (artifact id: 'b27ee48b4e09c24dadcb21ba269f69d0') in 0.012380666 seconds
Number of updated asset objects reloaded before import = 0Number of asset objects unloaded after import = 146

========================================================================
Received Import Request.
  Time since last request: 103.809014 seconds.
  path: Assets/Distant Lands/Free Characters
  artifactKey: Guid(0a5d25fca692e4c38b62b8d6f3e8c6ea) Importer(815301076,1909f56bfc062723c751e8b465ee728b)
Start importing Assets/Distant Lands/Free Characters using Guid(0a5d25fca692e4c38b62b8d6f3e8c6ea) Importer(815301076,1909f56bfc062723c751e8b465ee728b) (PreviewImporter) -> (artifact id: 'c98b85f5d9a59cc1eb5ab7ec41c11639') in 0.002678458 seconds
Number of updated asset objects reloaded before import = 0Number of asset objects unloaded after import = 0

========================================================================
Received Import Request.
  Time since last request: 19.293331 seconds.
  path: Assets/Distant Lands/Free Characters/Contents/Materials
  artifactKey: Guid(1208d9cd5f4722c4ab718ba9a03d1fff) Importer(815301076,1909f56bfc062723c751e8b465ee728b)
Start importing Assets/Distant Lands/Free Characters/Contents/Materials using Guid(1208d9cd5f4722c4ab718ba9a03d1fff) Importer(815301076,1909f56bfc062723c751e8b465ee728b) (PreviewImporter) -> (artifact id: '1e6fba726fd41b9762c8d917952b7544') in 0.0007545 seconds
Number of updated asset objects reloaded before import = 0Number of asset objects unloaded after import = 0

========================================================================
Received Import Request.
  Time since last request: 4.129233 seconds.
  path: Assets/Distant Lands/Free Characters/Contents/Mesh
  artifactKey: Guid(412a246803a3afc4dbab4c83f6d67e66) Importer(815301076,1909f56bfc062723c751e8b465ee728b)
Start importing Assets/Distant Lands/Free Characters/Contents/Mesh using Guid(412a246803a3afc4dbab4c83f6d67e66) Importer(815301076,1909f56bfc062723c751e8b465ee728b) (PreviewImporter) -> (artifact id: '0cc440899e56a7ab465448962d92486a') in 0.000543834 seconds
Number of updated asset objects reloaded before import = 0Number of asset objects unloaded after import = 0

========================================================================
Received Import Request.
  Time since last request: 1.452897 seconds.
  path: Assets/Distant Lands/Free Characters/Contents/Mesh/Female.fbx
  artifactKey: Guid(dc1dacc99c42993499b968409533f7cb) Importer(815301076,1909f56bfc062723c751e8b465ee728b)
Start importing Assets/Distant Lands/Free Characters/Contents/Mesh/Female.fbx using Guid(dc1dacc99c42993499b968409533f7cb) Importer(815301076,1909f56bfc062723c751e8b465ee728b) (PreviewImporter) -> (artifact id: 'e6e146437db36ea4ea22fcd036eac010') in 1.300534208 seconds
Number of updated asset objects reloaded before import = 0Number of asset objects unloaded after import = 106

========================================================================
Received Import Request.
  Time since last request: 49.171673 seconds.
  path: Assets/3D Laboratory Environment with Appratus/Scenes/Laboratory Scene.unity
  artifactKey: Guid(9fc0d4010bbf28b4594072e72b8655ab) Importer(815301076,1909f56bfc062723c751e8b465ee728b)
Start importing Assets/3D Laboratory Environment with Appratus/Scenes/Laboratory Scene.unity using Guid(9fc0d4010bbf28b4594072e72b8655ab) Importer(815301076,1909f56bfc062723c751e8b465ee728b) (PreviewImporter) -> (artifact id: 'c28fdebf9b23e245711243518f43e3f5') in 0.001983375 seconds
Number of updated asset objects reloaded before import = 0Number of asset objects unloaded after import = 0

========================================================================
Received Import Request.
  Time since last request: 506.158781 seconds.
  path: Assets/Distant Lands/Free Characters/Scenes
  artifactKey: Guid(7a5349f29e99a0a438e2eeda0eecf5ca) Importer(815301076,1909f56bfc062723c751e8b465ee728b)
Start importing Assets/Distant Lands/Free Characters/Scenes using Guid(7a5349f29e99a0a438e2eeda0eecf5ca) Importer(815301076,1909f56bfc062723c751e8b465ee728b) (PreviewImporter) -> (artifact id: '12fa09f9166cae3779eba2ea62b2fad2') in 0.001701666 seconds
Number of updated asset objects reloaded before import = 0Number of asset objects unloaded after import = 0

========================================================================
Received Import Request.
  Time since last request: 0.482061 seconds.
  path: Assets/Distant Lands/Free Characters/Contents
  artifactKey: Guid(e06ab242b464bcb4ab72392773d7de83) Importer(815301076,1909f56bfc062723c751e8b465ee728b)
Start importing Assets/Distant Lands/Free Characters/Contents using Guid(e06ab242b464bcb4ab72392773d7de83) Importer(815301076,1909f56bfc062723c751e8b465ee728b) (PreviewImporter) -> (artifact id: 'd9697a3a1b7b5e41ef944893f86f7240') in 0.000749875 seconds
Number of updated asset objects reloaded before import = 0Number of asset objects unloaded after import = 0

========================================================================
Received Import Request.
  Time since last request: 5.699697 seconds.
  path: Assets/Distant Lands/Free Characters/Contents/Materials/Hair 3.mat
  artifactKey: Guid(5605e5920a541bf408757aac3099af95) Importer(2089858483,192608db42251d675da83286b1cce702)
Start importing Assets/Distant Lands/Free Characters/Contents/Materials/Hair 3.mat using Guid(5605e5920a541bf408757aac3099af95) Importer(2089858483,192608db42251d675da83286b1cce702) (ScriptedImporter) -> (artifact id: '73c72ba53b24fa3025640bde75e44458') in 0.06224275 seconds
Number of updated asset objects reloaded before import = 0Number of asset objects unloaded after import = 1

========================================================================
Received Import Request.
  Time since last request: 0.000048 seconds.
  path: Assets/Distant Lands/Free Characters/Contents/Materials/Hair 4.mat
  artifactKey: Guid(ebe0fedcf36050348ae48d12e109f895) Importer(2089858483,192608db42251d675da83286b1cce702)
Start importing Assets/Distant Lands/Free Characters/Contents/Materials/Hair 4.mat using Guid(ebe0fedcf36050348ae48d12e109f895) Importer(2089858483,192608db42251d675da83286b1cce702) (ScriptedImporter) -> (artifact id: 'e3b226ba8198bba57b48a412d2b748e3') in 0.005741083 seconds
Number of updated asset objects reloaded before import = 0Number of asset objects unloaded after import = 1

========================================================================
Received Import Request.
  Time since last request: 0.000072 seconds.
  path: Assets/3D Laboratory Environment with Appratus/Scenes/Laboratory Scene.unity
  artifactKey: Guid(9fc0d4010bbf28b4594072e72b8655ab) Importer(2089858483,192608db42251d675da83286b1cce702)
Start importing Assets/3D Laboratory Environment with Appratus/Scenes/Laboratory Scene.unity using Guid(9fc0d4010bbf28b4594072e72b8655ab) Importer(2089858483,192608db42251d675da83286b1cce702) (ScriptedImporter) -> (artifact id: 'b24c0e7123d0b5e5fd59ea7425d26c53') in 0.026430875 seconds
Number of updated asset objects reloaded before import = 0Number of asset objects unloaded after import = 1

========================================================================
Received Import Request.
  Time since last request: 2.518580 seconds.
  path: Assets/Distant Lands/Free Characters/Scenes/Demo/LightingData.asset
  artifactKey: Guid(29ab414caf808495ab4582cb34c60125) Importer(2089858483,192608db42251d675da83286b1cce702)
Start importing Assets/Distant Lands/Free Characters/Scenes/Demo/LightingData.asset using Guid(29ab414caf808495ab4582cb34c60125) Importer(2089858483,192608db42251d675da83286b1cce702) (ScriptedImporter) -> (artifact id: '0147530ade3a0759782080f693877bca') in 0.004926208 seconds
Number of updated asset objects reloaded before import = 0Number of asset objects unloaded after import = 2

========================================================================
Received Import Request.
  Time since last request: 43.906203 seconds.
  path: Assets/Distant Lands/Free Characters/Contents/Prefabs/Legacy Characters/Female 2.prefab
  artifactKey: Guid(36e374d9708f91f459f55cc96e35277c) Importer(2089858483,192608db42251d675da83286b1cce702)
Start importing Assets/Distant Lands/Free Characters/Contents/Prefabs/Legacy Characters/Female 2.prefab using Guid(36e374d9708f91f459f55cc96e35277c) Importer(2089858483,192608db42251d675da83286b1cce702) (ScriptedImporter) -> (artifact id: 'e808394f38a802d94ffb306bfe4cfd33') in 0.010443042 seconds
Number of updated asset objects reloaded before import = 0Number of asset objects unloaded after import = 106

========================================================================
Received Import Request.
  Time since last request: 1.481419 seconds.
  path: Assets/Distant Lands/Free Characters/Contents/Prefabs/Legacy Characters/Female 2.prefab
  artifactKey: Guid(36e374d9708f91f459f55cc96e35277c) Importer(2089858483,192608db42251d675da83286b1cce702)
Start importing Assets/Distant Lands/Free Characters/Contents/Prefabs/Legacy Characters/Female 2.prefab using Guid(36e374d9708f91f459f55cc96e35277c) Importer(2089858483,192608db42251d675da83286b1cce702) (ScriptedImporter) -> (artifact id: '28abab63648e599706922e1f955e5c9d') in 0.007423708 seconds
Number of updated asset objects reloaded before import = 0Number of asset objects unloaded after import = 106

========================================================================
Received Import Request.
  Time since last request: 23.598035 seconds.
  path: Assets/Distant Lands/Free Characters/Contents/Prefabs/Legacy Characters/Female 4.prefab
  artifactKey: Guid(1a45f8a6713981442bc18906df81a7fb) Importer(2089858483,192608db42251d675da83286b1cce702)
Start importing Assets/Distant Lands/Free Characters/Contents/Prefabs/Legacy Characters/Female 4.prefab using Guid(1a45f8a6713981442bc18906df81a7fb) Importer(2089858483,192608db42251d675da83286b1cce702) (ScriptedImporter) -> (artifact id: 'b1162a0580fa0d59f282cd8e508034b7') in 0.007992916 seconds
Number of updated asset objects reloaded before import = 0Number of asset objects unloaded after import = 106

========================================================================
Received Import Request.
  Time since last request: 18.188481 seconds.
  path: Assets/Distant Lands/Free Characters/Contents/Prefabs/Legacy Characters/Female 4.prefab
  artifactKey: Guid(1a45f8a6713981442bc18906df81a7fb) Importer(2089858483,192608db42251d675da83286b1cce702)
Start importing Assets/Distant Lands/Free Characters/Contents/Prefabs/Legacy Characters/Female 4.prefab using Guid(1a45f8a6713981442bc18906df81a7fb) Importer(2089858483,192608db42251d675da83286b1cce702) (ScriptedImporter) -> (artifact id: 'f87fac9e19b869cfe5a586f8464f5566') in 0.00674925 seconds
Number of updated asset objects reloaded before import = 0Number of asset objects unloaded after import = 106

========================================================================
Received Import Request.
  Time since last request: 3.017000 seconds.
  path: Assets/Distant Lands/Free Characters/Contents/Prefabs/Legacy Characters/Female 4.prefab
  artifactKey: Guid(1a45f8a6713981442bc18906df81a7fb) Importer(2089858483,192608db42251d675da83286b1cce702)
Start importing Assets/Distant Lands/Free Characters/Contents/Prefabs/Legacy Characters/Female 4.prefab using Guid(1a45f8a6713981442bc18906df81a7fb) Importer(2089858483,192608db42251d675da83286b1cce702) (ScriptedImporter) -> (artifact id: '2e70db152e7cf94050e7d3215fde5f25') in 0.006907375 seconds
Number of updated asset objects reloaded before import = 0Number of asset objects unloaded after import = 106

========================================================================
Received Import Request.
  Time since last request: 6.480380 seconds.
  path: Assets/3D Laboratory Environment with Appratus/Scenes/Laboratory Scene.unity
  artifactKey: Guid(9fc0d4010bbf28b4594072e72b8655ab) Importer(815301076,1909f56bfc062723c751e8b465ee728b)
Start importing Assets/3D Laboratory Environment with Appratus/Scenes/Laboratory Scene.unity using Guid(9fc0d4010bbf28b4594072e72b8655ab) Importer(815301076,1909f56bfc062723c751e8b465ee728b) (PreviewImporter) -> (artifact id: 'a276d9bfec3cfb334a3d74750e412fe3') in 0.00051075 seconds
Number of updated asset objects reloaded before import = 0Number of asset objects unloaded after import = 0

========================================================================
Received Import Request.
  Time since last request: 32.701944 seconds.
  path: Assets/3D Laboratory Environment with Appratus/Scenes/Laboratory Scene.unity
  artifactKey: Guid(9fc0d4010bbf28b4594072e72b8655ab) Importer(2089858483,192608db42251d675da83286b1cce702)
Start importing Assets/3D Laboratory Environment with Appratus/Scenes/Laboratory Scene.unity using Guid(9fc0d4010bbf28b4594072e72b8655ab) Importer(2089858483,192608db42251d675da83286b1cce702) (ScriptedImporter) -> (artifact id: 'd4cf953e15698464b7af399fb8052b24') in 0.023921166 seconds
Number of updated asset objects reloaded before import = 0Number of asset objects unloaded after import = 1

========================================================================
Received Import Request.
  Time since last request: 1.813415 seconds.
  path: Assets/Distant Lands/Free Characters/Scenes/Demo/LightingData.asset
  artifactKey: Guid(29ab414caf808495ab4582cb34c60125) Importer(2089858483,192608db42251d675da83286b1cce702)
Start importing Assets/Distant Lands/Free Characters/Scenes/Demo/LightingData.asset using Guid(29ab414caf808495ab4582cb34c60125) Importer(2089858483,192608db42251d675da83286b1cce702) (ScriptedImporter) -> (artifact id: '83261e5bae65a045087a106a8b845e0a') in 0.00461175 seconds
Number of updated asset objects reloaded before import = 0Number of asset objects unloaded after import = 2

========================================================================
Received Import Request.
  Time since last request: 23.334037 seconds.
  path: Assets/Distant Lands/Free Characters/Contents/Prefabs/Legacy Characters/Female 4.prefab
  artifactKey: Guid(1a45f8a6713981442bc18906df81a7fb) Importer(2089858483,192608db42251d675da83286b1cce702)
Start importing Assets/Distant Lands/Free Characters/Contents/Prefabs/Legacy Characters/Female 4.prefab using Guid(1a45f8a6713981442bc18906df81a7fb) Importer(2089858483,192608db42251d675da83286b1cce702) (ScriptedImporter) -> (artifact id: '5bc9cc459710cdd544ffe859eaf4cdc8') in 0.006661458 seconds
Number of updated asset objects reloaded before import = 0Number of asset objects unloaded after import = 106

========================================================================
Received Import Request.
  Time since last request: 3.802793 seconds.
  path: Assets/Distant Lands/Free Characters/Contents/Prefabs/Legacy Characters/Female 4.prefab
  artifactKey: Guid(1a45f8a6713981442bc18906df81a7fb) Importer(2089858483,192608db42251d675da83286b1cce702)
Start importing Assets/Distant Lands/Free Characters/Contents/Prefabs/Legacy Characters/Female 4.prefab using Guid(1a45f8a6713981442bc18906df81a7fb) Importer(2089858483,192608db42251d675da83286b1cce702) (ScriptedImporter) -> (artifact id: '2f4f37182523eab0cf8dc0fe52fbbd22') in 0.006482375 seconds
Number of updated asset objects reloaded before import = 0Number of asset objects unloaded after import = 106

========================================================================
Received Import Request.
  Time since last request: 12.369266 seconds.
  path: Assets/Distant Lands/Free Characters/Contents/Prefabs/Legacy Characters/Female 4.prefab
  artifactKey: Guid(1a45f8a6713981442bc18906df81a7fb) Importer(2089858483,192608db42251d675da83286b1cce702)
Start importing Assets/Distant Lands/Free Characters/Contents/Prefabs/Legacy Characters/Female 4.prefab using Guid(1a45f8a6713981442bc18906df81a7fb) Importer(2089858483,192608db42251d675da83286b1cce702) (ScriptedImporter) -> (artifact id: 'e62f2e7cee2cc64796f2812b4c7e1892') in 0.00646425 seconds
Number of updated asset objects reloaded before import = 0Number of asset objects unloaded after import = 106

========================================================================
Received Import Request.
  Time since last request: 2.594562 seconds.
  path: Assets/Distant Lands/Free Characters/Contents/Prefabs/Legacy Characters/Female 4.prefab
  artifactKey: Guid(1a45f8a6713981442bc18906df81a7fb) Importer(2089858483,192608db42251d675da83286b1cce702)
Start importing Assets/Distant Lands/Free Characters/Contents/Prefabs/Legacy Characters/Female 4.prefab using Guid(1a45f8a6713981442bc18906df81a7fb) Importer(2089858483,192608db42251d675da83286b1cce702) (ScriptedImporter) -> (artifact id: 'ed301004e6b68e4bd84154f51d94c8c6') in 0.006633791 seconds
Number of updated asset objects reloaded before import = 0Number of asset objects unloaded after import = 106

========================================================================
Received Import Request.
  Time since last request: 5.429208 seconds.
  path: Assets/Distant Lands/Free Characters/Contents/Prefabs/Legacy Characters/Female 4.prefab
  artifactKey: Guid(1a45f8a6713981442bc18906df81a7fb) Importer(2089858483,192608db42251d675da83286b1cce702)
Start importing Assets/Distant Lands/Free Characters/Contents/Prefabs/Legacy Characters/Female 4.prefab using Guid(1a45f8a6713981442bc18906df81a7fb) Importer(2089858483,192608db42251d675da83286b1cce702) (ScriptedImporter) -> (artifact id: 'b71fba3a4a13706fdfca5082670b898f') in 0.006242458 seconds
Number of updated asset objects reloaded before import = 0Number of asset objects unloaded after import = 106

========================================================================
Received Import Request.
  Time since last request: 7.851834 seconds.
  path: Assets/Distant Lands/Free Characters/Contents/Prefabs/Legacy Characters/Female 4.prefab
  artifactKey: Guid(1a45f8a6713981442bc18906df81a7fb) Importer(2089858483,192608db42251d675da83286b1cce702)
Start importing Assets/Distant Lands/Free Characters/Contents/Prefabs/Legacy Characters/Female 4.prefab using Guid(1a45f8a6713981442bc18906df81a7fb) Importer(2089858483,192608db42251d675da83286b1cce702) (ScriptedImporter) -> (artifact id: '53cdf8268ad54286dfdc0139ee831b15') in 0.006084125 seconds
Number of updated asset objects reloaded before import = 0Number of asset objects unloaded after import = 106

========================================================================
Received Import Request.
  Time since last request: 11.442210 seconds.
  path: Assets/3D Laboratory Environment with Appratus/Scenes/Laboratory Scene.unity
  artifactKey: Guid(9fc0d4010bbf28b4594072e72b8655ab) Importer(815301076,1909f56bfc062723c751e8b465ee728b)
Start importing Assets/3D Laboratory Environment with Appratus/Scenes/Laboratory Scene.unity using Guid(9fc0d4010bbf28b4594072e72b8655ab) Importer(815301076,1909f56bfc062723c751e8b465ee728b) (PreviewImporter) -> (artifact id: '71166f3279e0b37b064162cbe1dd3e5b') in 0.000429292 seconds
Number of updated asset objects reloaded before import = 0Number of asset objects unloaded after import = 0

========================================================================
Received Import Request.
  Time since last request: 2.640037 seconds.
  path: Assets/Distant Lands/Free Characters/Scenes/DemoSettings.lighting
  artifactKey: Guid(46305f651f1fa4e2dbaffbee9173f81b) Importer(2089858483,192608db42251d675da83286b1cce702)
Start importing Assets/Distant Lands/Free Characters/Scenes/DemoSettings.lighting using Guid(46305f651f1fa4e2dbaffbee9173f81b) Importer(2089858483,192608db42251d675da83286b1cce702) (ScriptedImporter)The Progressive CPU lightmapper is not available for Apple Silicon, switching to the Progressive GPU lightmapper.
UnityEngine.Debug:ExtractStackTraceNoAlloc (byte*,int,string)
UnityEngine.StackTraceUtility:ExtractStackTrace () (at /Users/bokken/build/output/unity/unity/Runtime/Export/Scripting/StackTrace.cs:35)
UnityEditor.AssetDatabase:LoadMainAssetAtPath (string)
UnityEditor.Search.AssetIndexer:IndexProperties (int&,string&,bool&) (at /Users/bokken/build/output/unity/unity/Modules/QuickSearch/Editor/Indexing/AssetIndexer.cs:291)
UnityEditor.Search.AssetIndexer:IndexDocument (string,bool) (at /Users/bokken/build/output/unity/unity/Modules/QuickSearch/Editor/Indexing/AssetIndexer.cs:198)
UnityEditor.Search.SearchIndexEntryImporter:OnImportAsset (UnityEditor.AssetImporters.AssetImportContext) (at /Users/bokken/build/output/unity/unity/Modules/QuickSearch/Editor/Indexing/SearchIndexEntryImporter.cs:64)
UnityEditor.AssetImporters.ScriptedImporter:GenerateAssetData (UnityEditor.AssetImporters.AssetImportContext) (at /Users/bokken/build/output/unity/unity/Modules/AssetPipelineEditor/Public/ScriptedImporter.cs:25)

[/Users/bokken/build/output/unity/unity/Modules/QuickSearch/Editor/Indexing/AssetIndexer.cs line 291]

LightingSettings: switching bake backend from 2 to 1.
 -> (artifact id: 'e5a01b37fec7f03a135a19e66a691ba8') in 0.013096625 seconds
Number of updated asset objects reloaded before import = 0Number of asset objects unloaded after import = 1

========================================================================
Received Import Request.
  Time since last request: 157.163936 seconds.
  path: Assets/Distant Lands/Free Characters/Scenes/Demo.unity
  artifactKey: Guid(b2d389981e26b0a4c82318e8f7bab258) Importer(815301076,1909f56bfc062723c751e8b465ee728b)
Start importing Assets/Distant Lands/Free Characters/Scenes/Demo.unity using Guid(b2d389981e26b0a4c82318e8f7bab258) Importer(815301076,1909f56bfc062723c751e8b465ee728b) (PreviewImporter) -> (artifact id: '2dc0a56399e8404e22f999b29c06af08') in 0.002092459 seconds
Number of updated asset objects reloaded before import = 0Number of asset objects unloaded after import = 0

========================================================================
Received Import Request.
  Time since last request: 23.055146 seconds.
  path: Assets/Distant Lands/Free Characters/Contents/Prefabs/Legacy Characters/Female 4.prefab
  artifactKey: Guid(1a45f8a6713981442bc18906df81a7fb) Importer(2089858483,192608db42251d675da83286b1cce702)
Start importing Assets/Distant Lands/Free Characters/Contents/Prefabs/Legacy Characters/Female 4.prefab using Guid(1a45f8a6713981442bc18906df81a7fb) Importer(2089858483,192608db42251d675da83286b1cce702) (ScriptedImporter) -> (artifact id: '9218feb4e8ae8963f59245ce54ea23fe') in 0.016810917 seconds
Number of updated asset objects reloaded before import = 0Number of asset objects unloaded after import = 106

========================================================================
Received Import Request.
  Time since last request: 22.412749 seconds.
  path: Assets/Distant Lands/Free Characters/Contents/Prefabs/Legacy Characters/Female 4.prefab
  artifactKey: Guid(1a45f8a6713981442bc18906df81a7fb) Importer(2089858483,192608db42251d675da83286b1cce702)
Start importing Assets/Distant Lands/Free Characters/Contents/Prefabs/Legacy Characters/Female 4.prefab using Guid(1a45f8a6713981442bc18906df81a7fb) Importer(2089858483,192608db42251d675da83286b1cce702) (ScriptedImporter) -> (artifact id: 'e6398c820a0c347f17f0095e33611e78') in 0.01118875 seconds
Number of updated asset objects reloaded before import = 0Number of asset objects unloaded after import = 106

========================================================================
Received Import Request.
  Time since last request: 64.692134 seconds.
  path: Assets/Distant Lands/Free Characters/Contents/Prefabs/Legacy Characters/Female 4.prefab
  artifactKey: Guid(1a45f8a6713981442bc18906df81a7fb) Importer(2089858483,192608db42251d675da83286b1cce702)
Start importing Assets/Distant Lands/Free Characters/Contents/Prefabs/Legacy Characters/Female 4.prefab using Guid(1a45f8a6713981442bc18906df81a7fb) Importer(2089858483,192608db42251d675da83286b1cce702) (ScriptedImporter) -> (artifact id: '354650e8c71d70b52702b4c3f1fbb7a4') in 0.01495375 seconds
Number of updated asset objects reloaded before import = 0Number of asset objects unloaded after import = 98

========================================================================
Received Import Request.
  Time since last request: 6.169790 seconds.
  path: Assets/Distant Lands/Free Characters/Contents/Prefabs/Legacy Characters/Female 4.prefab
  artifactKey: Guid(1a45f8a6713981442bc18906df81a7fb) Importer(2089858483,192608db42251d675da83286b1cce702)
Start importing Assets/Distant Lands/Free Characters/Contents/Prefabs/Legacy Characters/Female 4.prefab using Guid(1a45f8a6713981442bc18906df81a7fb) Importer(2089858483,192608db42251d675da83286b1cce702) (ScriptedImporter) -> (artifact id: '97ec34fdb79c4100563971b41d4a221a') in 0.007215417 seconds
Number of updated asset objects reloaded before import = 0Number of asset objects unloaded after import = 94

========================================================================
Received Import Request.
  Time since last request: 5.496177 seconds.
  path: Assets/Distant Lands/Free Characters/Contents/Prefabs/Legacy Characters/Female 4.prefab
  artifactKey: Guid(1a45f8a6713981442bc18906df81a7fb) Importer(2089858483,192608db42251d675da83286b1cce702)
Start importing Assets/Distant Lands/Free Characters/Contents/Prefabs/Legacy Characters/Female 4.prefab using Guid(1a45f8a6713981442bc18906df81a7fb) Importer(2089858483,192608db42251d675da83286b1cce702) (ScriptedImporter) -> (artifact id: '34b5529df55672b04520f8840919d5a8') in 0.006494584 seconds
Number of updated asset objects reloaded before import = 0Number of asset objects unloaded after import = 90

========================================================================
Received Import Request.
  Time since last request: 191.592586 seconds.
  path: Assets/Distant Lands/Free Characters/Contents/Materials/Shirt 4.mat
  artifactKey: Guid(a4837fa2db3044f4ebddda971ae619f6) Importer(2089858483,192608db42251d675da83286b1cce702)
Start importing Assets/Distant Lands/Free Characters/Contents/Materials/Shirt 4.mat using Guid(a4837fa2db3044f4ebddda971ae619f6) Importer(2089858483,192608db42251d675da83286b1cce702) (ScriptedImporter) -> (artifact id: '5c7fd4be1ab13a0c75c00d4db3aa3306') in 0.009163042 seconds
Number of updated asset objects reloaded before import = 0Number of asset objects unloaded after import = 1

========================================================================
Received Import Request.
  Time since last request: 0.000121 seconds.
  path: Assets/Distant Lands/Free Characters/Contents/Materials/Hair 4.mat
  artifactKey: Guid(ebe0fedcf36050348ae48d12e109f895) Importer(2089858483,192608db42251d675da83286b1cce702)
Start importing Assets/Distant Lands/Free Characters/Contents/Materials/Hair 4.mat using Guid(ebe0fedcf36050348ae48d12e109f895) Importer(2089858483,192608db42251d675da83286b1cce702) (ScriptedImporter) -> (artifact id: '40cc48a5b89693343c54008fdb46bac1') in 0.004224625 seconds
Number of updated asset objects reloaded before import = 0Number of asset objects unloaded after import = 1

========================================================================
Received Import Request.
  Time since last request: 0.000074 seconds.
  path: Assets/Distant Lands/Free Characters/Contents/Materials/Skin 4.mat
  artifactKey: Guid(6b57555aa8704c14a8af79bd0146a466) Importer(2089858483,192608db42251d675da83286b1cce702)
Start importing Assets/Distant Lands/Free Characters/Contents/Materials/Skin 4.mat using Guid(6b57555aa8704c14a8af79bd0146a466) Importer(2089858483,192608db42251d675da83286b1cce702) (ScriptedImporter) -> (artifact id: 'cd60b1f58a5abb75b4a3c93de46bb7a9') in 0.006254625 seconds
Number of updated asset objects reloaded before import = 0Number of asset objects unloaded after import = 1

========================================================================
Received Import Request.
  Time since last request: 58.279051 seconds.
  path: Assets/3D Laboratory Environment with Appratus/Scenes/Laboratory Scene.unity
  artifactKey: Guid(9fc0d4010bbf28b4594072e72b8655ab) Importer(815301076,1909f56bfc062723c751e8b465ee728b)
Start importing Assets/3D Laboratory Environment with Appratus/Scenes/Laboratory Scene.unity using Guid(9fc0d4010bbf28b4594072e72b8655ab) Importer(815301076,1909f56bfc062723c751e8b465ee728b) (PreviewImporter) -> (artifact id: '7919d479f9acc71906c7077d4ba9dcc6') in 0.0008465 seconds
Number of updated asset objects reloaded before import = 0Number of asset objects unloaded after import = 0

========================================================================
Received Prepare
WARNING: Shader Unsupported: 'Universal Render Pipeline/VR/SpatialMapping/Wireframe' - All subshaders removed
WARNING: Shader Did you use #pragma only_renderers and omit this platform?
WARNING: Shader If subshaders removal was intentional, you may have forgotten turning Fallback off?
WARNING: Shader Unsupported: 'Universal Render Pipeline/VR/SpatialMapping/Wireframe' - All subshaders removed
WARNING: Shader Did you use #pragma only_renderers and omit this platform?
WARNING: Shader If subshaders removal was intentional, you may have forgotten turning Fallback off?
Refreshing native plugins compatible for Editor in 0.46 ms, found 1 plugins.
Preloading 0 native plugins for Editor in 0.00 ms.
Unloading 15 Unused Serialized files (Serialized files now loaded: 0)
Unloading 6119 unused Assets / (3.8 MB). Loaded Objects now: 6984.
Memory consumption went from 154.4 MB to 150.5 MB.
Total: 26.090542 ms (FindLiveObjects: 0.510083 ms CreateObjectMapping: 0.252791 ms MarkObjects: 23.472208 ms  DeleteObjects: 1.855042 ms)

Prepare: number of updated asset objects reloaded= 0
========================================================================
Received Import Request.
  Time since last request: 1361.241418 seconds.
  path: Assets/PlayerMovement.cs
  artifactKey: Guid(4157db67e5ca443099e6f257cb45ef73) Importer(2089858483,192608db42251d675da83286b1cce702)
Start importing Assets/PlayerMovement.cs using Guid(4157db67e5ca443099e6f257cb45ef73) Importer(2089858483,192608db42251d675da83286b1cce702) (ScriptedImporter) -> (artifact id: '9fcde79b03758daf1d896a963fd2ffd9') in 0.006886417 seconds
Number of updated asset objects reloaded before import = 0Number of asset objects unloaded after import = 0

========================================================================
Received Prepare
Begin MonoManager ReloadAssembly
[Licensing::Client] Successfully resolved entitlement details
Thread 0x17f66b000 may have been prematurely finalized
- Loaded All Assemblies, in  1.431 seconds
Refreshing native plugins compatible for Editor in 0.53 ms, found 1 plugins.
Assertion failed on expression: 'pred(*previous, *i)'
Assertion failed on expression: 'pred(*previous, *i)'
Native extension for OSXStandalone target not found
Native extension for WebGL target not found
[Package Manager] Failed to launch server process. Reason: Unity was launched with the -noUpm command-line argument
[Package Manager] Unable to send message (not connected to server process).
[Package Manager] Cannot connect to Unity Package Manager local server
Mono: successfully reloaded assembly
- Finished resetting the current domain, in  1.438 seconds
Domain Reload Profiling: 2873ms
	BeginReloadAssembly (465ms)
		ExecutionOrderSort (0ms)
		DisableScriptedObjects (60ms)
		BackupInstance (0ms)
		ReleaseScriptingObjects (1ms)
		CreateAndSetChildDomain (188ms)
	RebuildCommonClasses (78ms)
	RebuildNativeTypeToScriptingClass (29ms)
	initialDomainReloadingComplete (52ms)
	LoadAllAssembliesAndSetupDomain (810ms)
		LoadAssemblies (506ms)
		RebuildTransferFunctionScriptingTraits (0ms)
		AnalyzeDomain (397ms)
			TypeCache.Refresh (45ms)
				TypeCache.ScanAssembly (0ms)
			BuildScriptInfoCaches (327ms)
			ResolveRequiredComponents (20ms)
	FinalizeReload (1438ms)
		ReleaseScriptCaches (0ms)
		RebuildScriptCaches (0ms)
		SetupLoadedEditorAssemblies (1090ms)
			LogAssemblyErrors (0ms)
			InitializePlatformSupportModulesInManaged (6ms)
			SetLoadedEditorAssemblies (15ms)
			BeforeProcessingInitializeOnLoad (333ms)
			ProcessInitializeOnLoadAttributes (659ms)
			ProcessInitializeOnLoadMethodAttributes (76ms)
			AfterProcessingInitializeOnLoad (2ms)
			EditorAssembliesLoaded (0ms)
		ExecutionOrderSort2 (0ms)
		AwakeInstancesAfterBackupRestoration (23ms)
WARNING: Shader Unsupported: 'Universal Render Pipeline/VR/SpatialMapping/Wireframe' - All subshaders removed
WARNING: Shader Did you use #pragma only_renderers and omit this platform?
WARNING: Shader If subshaders removal was intentional, you may have forgotten turning Fallback off?
WARNING: Shader Unsupported: 'Universal Render Pipeline/VR/SpatialMapping/Wireframe' - All subshaders removed
WARNING: Shader Did you use #pragma only_renderers and omit this platform?
WARNING: Shader If subshaders removal was intentional, you may have forgotten turning Fallback off?
Refreshing native plugins compatible for Editor in 0.55 ms, found 1 plugins.
Preloading 0 native plugins for Editor in 0.00 ms.
Unloading 15 Unused Serialized files (Serialized files now loaded: 0)
Unloading 6124 unused Assets / (4.2 MB). Loaded Objects now: 6876.
Memory consumption went from 161.9 MB to 157.6 MB.
Total: 10.334542 ms (FindLiveObjects: 0.619667 ms CreateObjectMapping: 0.503708 ms MarkObjects: 7.194083 ms  DeleteObjects: 2.015834 ms)

Prepare: number of updated asset objects reloaded= 0
========================================================================
Received Import Request.
  Time since last request: 14.686914 seconds.
  path: Assets/PlayerMovement.cs
  artifactKey: Guid(4157db67e5ca443099e6f257cb45ef73) Importer(815301076,1909f56bfc062723c751e8b465ee728b)
Start importing Assets/PlayerMovement.cs using Guid(4157db67e5ca443099e6f257cb45ef73) Importer(815301076,1909f56bfc062723c751e8b465ee728b) (PreviewImporter) -> (artifact id: '666c8fd944e03e046a4fad6bbf9a7693') in 0.002349417 seconds
Number of updated asset objects reloaded before import = 0Number of asset objects unloaded after import = 0

========================================================================
Received Prepare
Begin MonoManager ReloadAssembly
[Licensing::Client] Successfully resolved entitlement details
Thread 0x16d25b000 may have been prematurely finalized
- Loaded All Assemblies, in  1.129 seconds
Refreshing native plugins compatible for Editor in 0.53 ms, found 1 plugins.
Assertion failed on expression: 'pred(*previous, *i)'
Assertion failed on expression: 'pred(*previous, *i)'
Native extension for OSXStandalone target not found
Native extension for WebGL target not found
[Package Manager] Failed to launch server process. Reason: Unity was launched with the -noUpm command-line argument
[Package Manager] Unable to send message (not connected to server process).
[Package Manager] Cannot connect to Unity Package Manager local server
Mono: successfully reloaded assembly
- Finished resetting the current domain, in  1.598 seconds
Domain Reload Profiling: 2732ms
	BeginReloadAssembly (258ms)
		ExecutionOrderSort (1ms)
		DisableScriptedObjects (11ms)
		BackupInstance (0ms)
		ReleaseScriptingObjects (0ms)
		CreateAndSetChildDomain (86ms)
	RebuildCommonClasses (48ms)
	RebuildNativeTypeToScriptingClass (18ms)
	initialDomainReloadingComplete (32ms)
	LoadAllAssembliesAndSetupDomain (778ms)
		LoadAssemblies (413ms)
		RebuildTransferFunctionScriptingTraits (0ms)
		AnalyzeDomain (422ms)
			TypeCache.Refresh (35ms)
				TypeCache.ScanAssembly (0ms)
			BuildScriptInfoCaches (360ms)
			ResolveRequiredComponents (22ms)
	FinalizeReload (1599ms)
		ReleaseScriptCaches (0ms)
		RebuildScriptCaches (0ms)
		SetupLoadedEditorAssemblies (1234ms)
			LogAssemblyErrors (0ms)
			InitializePlatformSupportModulesInManaged (7ms)
			SetLoadedEditorAssemblies (14ms)
			BeforeProcessingInitializeOnLoad (332ms)
			ProcessInitializeOnLoadAttributes (798ms)
			ProcessInitializeOnLoadMethodAttributes (80ms)
			AfterProcessingInitializeOnLoad (2ms)
			EditorAssembliesLoaded (0ms)
		ExecutionOrderSort2 (0ms)
		AwakeInstancesAfterBackupRestoration (23ms)
WARNING: Shader Unsupported: 'Universal Render Pipeline/VR/SpatialMapping/Wireframe' - All subshaders removed
WARNING: Shader Did you use #pragma only_renderers and omit this platform?
WARNING: Shader If subshaders removal was intentional, you may have forgotten turning Fallback off?
WARNING: Shader Unsupported: 'Universal Render Pipeline/VR/SpatialMapping/Wireframe' - All subshaders removed
WARNING: Shader Did you use #pragma only_renderers and omit this platform?
WARNING: Shader If subshaders removal was intentional, you may have forgotten turning Fallback off?
Refreshing native plugins compatible for Editor in 0.62 ms, found 1 plugins.
Preloading 0 native plugins for Editor in 0.00 ms.
Unloading 15 Unused Serialized files (Serialized files now loaded: 0)
Unloading 6124 unused Assets / (4.1 MB). Loaded Objects now: 6879.
Memory consumption went from 162.0 MB to 157.9 MB.
Total: 11.953958 ms (FindLiveObjects: 0.631833 ms CreateObjectMapping: 0.489916 ms MarkObjects: 8.741375 ms  DeleteObjects: 2.090166 ms)

Prepare: number of updated asset objects reloaded= 0
========================================================================
Received Import Request.
  Time since last request: 270.175533 seconds.
  path: Assets/PlayerMovement.cs
  artifactKey: Guid(4157db67e5ca443099e6f257cb45ef73) Importer(815301076,1909f56bfc062723c751e8b465ee728b)
Start importing Assets/PlayerMovement.cs using Guid(4157db67e5ca443099e6f257cb45ef73) Importer(815301076,1909f56bfc062723c751e8b465ee728b) (PreviewImporter) -> (artifact id: '8df259d63e06f857fb1270b1f0bd43a5') in 0.002281459 seconds
Number of updated asset objects reloaded before import = 0Number of asset objects unloaded after import = 0

========================================================================
Received Prepare
Begin MonoManager ReloadAssembly
[Licensing::Client] Successfully resolved entitlement details
Thread 0x16d85b000 may have been prematurely finalized
- Loaded All Assemblies, in  1.505 seconds
Refreshing native plugins compatible for Editor in 0.55 ms, found 1 plugins.
Assertion failed on expression: 'pred(*previous, *i)'
Assertion failed on expression: 'pred(*previous, *i)'
Native extension for OSXStandalone target not found
Native extension for WebGL target not found
[Package Manager] Failed to launch server process. Reason: Unity was launched with the -noUpm command-line argument
[Package Manager] Unable to send message (not connected to server process).
[Package Manager] Cannot connect to Unity Package Manager local server
Mono: successfully reloaded assembly
- Finished resetting the current domain, in  1.631 seconds
Domain Reload Profiling: 3142ms
	BeginReloadAssembly (359ms)
		ExecutionOrderSort (0ms)
		DisableScriptedObjects (12ms)
		BackupInstance (0ms)
		ReleaseScriptingObjects (1ms)
		CreateAndSetChildDomain (140ms)
	RebuildCommonClasses (96ms)
	RebuildNativeTypeToScriptingClass (37ms)
	initialDomainReloadingComplete (52ms)
	LoadAllAssembliesAndSetupDomain (966ms)
		LoadAssemblies (578ms)
		RebuildTransferFunctionScriptingTraits (0ms)
		AnalyzeDomain (482ms)
			TypeCache.Refresh (37ms)
				TypeCache.ScanAssembly (0ms)
			BuildScriptInfoCaches (412ms)
			ResolveRequiredComponents (27ms)
	FinalizeReload (1632ms)
		ReleaseScriptCaches (0ms)
		RebuildScriptCaches (0ms)
		SetupLoadedEditorAssemblies (1317ms)
			LogAssemblyErrors (0ms)
			InitializePlatformSupportModulesInManaged (5ms)
			SetLoadedEditorAssemblies (15ms)
			BeforeProcessingInitializeOnLoad (337ms)
			ProcessInitializeOnLoadAttributes (843ms)
			ProcessInitializeOnLoadMethodAttributes (114ms)
			AfterProcessingInitializeOnLoad (2ms)
			EditorAssembliesLoaded (0ms)
		ExecutionOrderSort2 (0ms)
		AwakeInstancesAfterBackupRestoration (28ms)
WARNING: Shader Unsupported: 'Universal Render Pipeline/VR/SpatialMapping/Wireframe' - All subshaders removed
WARNING: Shader Did you use #pragma only_renderers and omit this platform?
WARNING: Shader If subshaders removal was intentional, you may have forgotten turning Fallback off?
WARNING: Shader Unsupported: 'Universal Render Pipeline/VR/SpatialMapping/Wireframe' - All subshaders removed
WARNING: Shader Did you use #pragma only_renderers and omit this platform?
WARNING: Shader If subshaders removal was intentional, you may have forgotten turning Fallback off?
Refreshing native plugins compatible for Editor in 0.87 ms, found 1 plugins.
Preloading 0 native plugins for Editor in 0.00 ms.
Unloading 15 Unused Serialized files (Serialized files now loaded: 0)
Unloading 6124 unused Assets / (3.4 MB). Loaded Objects now: 6882.
Memory consumption went from 162.4 MB to 159.0 MB.
Total: 19.845375 ms (FindLiveObjects: 1.450416 ms CreateObjectMapping: 1.665542 ms MarkObjects: 11.919291 ms  DeleteObjects: 4.807959 ms)

Prepare: number of updated asset objects reloaded= 0
========================================================================
Received Prepare
Begin MonoManager ReloadAssembly
Thread 0x16d29b000 may have been prematurely finalized
- Loaded All Assemblies, in  1.299 seconds
Refreshing native plugins compatible for Editor in 0.54 ms, found 1 plugins.
Assertion failed on expression: 'pred(*previous, *i)'
Assertion failed on expression: 'pred(*previous, *i)'
Native extension for OSXStandalone target not found
Native extension for WebGL target not found
[Package Manager] Failed to launch server process. Reason: Unity was launched with the -noUpm command-line argument
[Package Manager] Unable to send message (not connected to server process).
[Package Manager] Cannot connect to Unity Package Manager local server
Mono: successfully reloaded assembly
- Finished resetting the current domain, in  1.644 seconds
Domain Reload Profiling: 2937ms
	BeginReloadAssembly (274ms)
		ExecutionOrderSort (0ms)
		DisableScriptedObjects (11ms)
		BackupInstance (0ms)
		ReleaseScriptingObjects (0ms)
		CreateAndSetChildDomain (106ms)
	RebuildCommonClasses (65ms)
	RebuildNativeTypeToScriptingClass (29ms)
	initialDomainReloadingComplete (41ms)
	LoadAllAssembliesAndSetupDomain (884ms)
		LoadAssemblies (495ms)
		RebuildTransferFunctionScriptingTraits (0ms)
		AnalyzeDomain (465ms)
			TypeCache.Refresh (35ms)
				TypeCache.ScanAssembly (0ms)
			BuildScriptInfoCaches (402ms)
			ResolveRequiredComponents (23ms)
	FinalizeReload (1644ms)
		ReleaseScriptCaches (0ms)
		RebuildScriptCaches (0ms)
		SetupLoadedEditorAssemblies (1332ms)
			LogAssemblyErrors (0ms)
			InitializePlatformSupportModulesInManaged (4ms)
			SetLoadedEditorAssemblies (14ms)
			BeforeProcessingInitializeOnLoad (362ms)
			ProcessInitializeOnLoadAttributes (849ms)
			ProcessInitializeOnLoadMethodAttributes (100ms)
			AfterProcessingInitializeOnLoad (2ms)
			EditorAssembliesLoaded (1ms)
		ExecutionOrderSort2 (0ms)
		AwakeInstancesAfterBackupRestoration (26ms)
WARNING: Shader Unsupported: 'Universal Render Pipeline/VR/SpatialMapping/Wireframe' - All subshaders removed
WARNING: Shader Did you use #pragma only_renderers and omit this platform?
WARNING: Shader If subshaders removal was intentional, you may have forgotten turning Fallback off?
WARNING: Shader Unsupported: 'Universal Render Pipeline/VR/SpatialMapping/Wireframe' - All subshaders removed
WARNING: Shader Did you use #pragma only_renderers and omit this platform?
WARNING: Shader If subshaders removal was intentional, you may have forgotten turning Fallback off?
Refreshing native plugins compatible for Editor in 0.78 ms, found 1 plugins.
Preloading 0 native plugins for Editor in 0.00 ms.
Unloading 15 Unused Serialized files (Serialized files now loaded: 0)
Unloading 6124 unused Assets / (3.5 MB). Loaded Objects now: 6885.
Memory consumption went from 162.8 MB to 159.3 MB.
Total: 18.112542 ms (FindLiveObjects: 1.425458 ms CreateObjectMapping: 0.768167 ms MarkObjects: 12.893167 ms  DeleteObjects: 3.025041 ms)

Prepare: number of updated asset objects reloaded= 0
========================================================================
Received Prepare
Begin MonoManager ReloadAssembly
[Licensing::Client] Successfully resolved entitlement details
Thread 0x16d25b000 may have been prematurely finalized
- Loaded All Assemblies, in  1.318 seconds
Refreshing native plugins compatible for Editor in 2.51 ms, found 1 plugins.
Assertion failed on expression: 'pred(*previous, *i)'
Assertion failed on expression: 'pred(*previous, *i)'
Native extension for OSXStandalone target not found
Native extension for WebGL target not found
[Package Manager] Failed to launch server process. Reason: Unity was launched with the -noUpm command-line argument
[Package Manager] Unable to send message (not connected to server process).
[Package Manager] Cannot connect to Unity Package Manager local server
Mono: successfully reloaded assembly
- Finished resetting the current domain, in  1.602 seconds
Domain Reload Profiling: 2925ms
	BeginReloadAssembly (285ms)
		ExecutionOrderSort (0ms)
		DisableScriptedObjects (13ms)
		BackupInstance (0ms)
		ReleaseScriptingObjects (1ms)
		CreateAndSetChildDomain (112ms)
	RebuildCommonClasses (74ms)
	RebuildNativeTypeToScriptingClass (30ms)
	initialDomainReloadingComplete (45ms)
	LoadAllAssembliesAndSetupDomain (888ms)
		LoadAssemblies (523ms)
		RebuildTransferFunctionScriptingTraits (0ms)
		AnalyzeDomain (445ms)
			TypeCache.Refresh (53ms)
				TypeCache.ScanAssembly (0ms)
			BuildScriptInfoCaches (364ms)
			ResolveRequiredComponents (23ms)
	FinalizeReload (1603ms)
		ReleaseScriptCaches (0ms)
		RebuildScriptCaches (0ms)
		SetupLoadedEditorAssemblies (1231ms)
			LogAssemblyErrors (0ms)
			InitializePlatformSupportModulesInManaged (4ms)
			SetLoadedEditorAssemblies (14ms)
			BeforeProcessingInitializeOnLoad (345ms)
			ProcessInitializeOnLoadAttributes (775ms)
			ProcessInitializeOnLoadMethodAttributes (90ms)
			AfterProcessingInitializeOnLoad (2ms)
			EditorAssembliesLoaded (0ms)
		ExecutionOrderSort2 (0ms)
		AwakeInstancesAfterBackupRestoration (24ms)
WARNING: Shader Unsupported: 'Universal Render Pipeline/VR/SpatialMapping/Wireframe' - All subshaders removed
WARNING: Shader Did you use #pragma only_renderers and omit this platform?
WARNING: Shader If subshaders removal was intentional, you may have forgotten turning Fallback off?
WARNING: Shader Unsupported: 'Universal Render Pipeline/VR/SpatialMapping/Wireframe' - All subshaders removed
WARNING: Shader Did you use #pragma only_renderers and omit this platform?
WARNING: Shader If subshaders removal was intentional, you may have forgotten turning Fallback off?
Refreshing native plugins compatible for Editor in 0.87 ms, found 1 plugins.
Preloading 0 native plugins for Editor in 0.00 ms.
Unloading 15 Unused Serialized files (Serialized files now loaded: 0)
Unloading 6124 unused Assets / (4.2 MB). Loaded Objects now: 6888.
Memory consumption went from 163.2 MB to 158.9 MB.
Total: 21.082000 ms (FindLiveObjects: 2.649000 ms CreateObjectMapping: 1.323042 ms MarkObjects: 11.407125 ms  DeleteObjects: 5.701209 ms)

Prepare: number of updated asset objects reloaded= 0
========================================================================
Received Prepare
Begin MonoManager ReloadAssembly
[Licensing::Client] Successfully resolved entitlement details
Thread 0x16d25b000 may have been prematurely finalized
- Loaded All Assemblies, in  0.817 seconds
Refreshing native plugins compatible for Editor in 0.35 ms, found 1 plugins.
Assertion failed on expression: 'pred(*previous, *i)'
Assertion failed on expression: 'pred(*previous, *i)'
Native extension for OSXStandalone target not found
Native extension for WebGL target not found
[Package Manager] Failed to launch server process. Reason: Unity was launched with the -noUpm command-line argument
[Package Manager] Unable to send message (not connected to server process).
[Package Manager] Cannot connect to Unity Package Manager local server
Mono: successfully reloaded assembly
- Finished resetting the current domain, in  1.072 seconds
Domain Reload Profiling: 1893ms
	BeginReloadAssembly (256ms)
		ExecutionOrderSort (0ms)
		DisableScriptedObjects (13ms)
		BackupInstance (0ms)
		ReleaseScriptingObjects (0ms)
		CreateAndSetChildDomain (93ms)
	RebuildCommonClasses (44ms)
	RebuildNativeTypeToScriptingClass (16ms)
	initialDomainReloadingComplete (26ms)
	LoadAllAssembliesAndSetupDomain (478ms)
		LoadAssemblies (323ms)
		RebuildTransferFunctionScriptingTraits (0ms)
		AnalyzeDomain (220ms)
			TypeCache.Refresh (20ms)
				TypeCache.ScanAssembly (0ms)
			BuildScriptInfoCaches (184ms)
			ResolveRequiredComponents (13ms)
	FinalizeReload (1073ms)
		ReleaseScriptCaches (0ms)
		RebuildScriptCaches (0ms)
		SetupLoadedEditorAssemblies (764ms)
			LogAssemblyErrors (0ms)
			InitializePlatformSupportModulesInManaged (6ms)
			SetLoadedEditorAssemblies (16ms)
			BeforeProcessingInitializeOnLoad (311ms)
			ProcessInitializeOnLoadAttributes (381ms)
			ProcessInitializeOnLoadMethodAttributes (47ms)
			AfterProcessingInitializeOnLoad (2ms)
			EditorAssembliesLoaded (0ms)
		ExecutionOrderSort2 (0ms)
		AwakeInstancesAfterBackupRestoration (12ms)
WARNING: Shader Unsupported: 'Universal Render Pipeline/VR/SpatialMapping/Wireframe' - All subshaders removed
WARNING: Shader Did you use #pragma only_renderers and omit this platform?
WARNING: Shader If subshaders removal was intentional, you may have forgotten turning Fallback off?
WARNING: Shader Unsupported: 'Universal Render Pipeline/VR/SpatialMapping/Wireframe' - All subshaders removed
WARNING: Shader Did you use #pragma only_renderers and omit this platform?
WARNING: Shader If subshaders removal was intentional, you may have forgotten turning Fallback off?
Refreshing native plugins compatible for Editor in 0.38 ms, found 1 plugins.
Preloading 0 native plugins for Editor in 0.00 ms.
Unloading 15 Unused Serialized files (Serialized files now loaded: 0)
Unloading 6124 unused Assets / (4.1 MB). Loaded Objects now: 6891.
Memory consumption went from 163.5 MB to 159.4 MB.
Total: 7.958209 ms (FindLiveObjects: 0.428291 ms CreateObjectMapping: 0.384125 ms MarkObjects: 5.477584 ms  DeleteObjects: 1.667667 ms)

Prepare: number of updated asset objects reloaded= 0
========================================================================
Received Import Request.
  Time since last request: 449.096833 seconds.
  path: Assets/PlayerMovement.cs
  artifactKey: Guid(4157db67e5ca443099e6f257cb45ef73) Importer(815301076,1909f56bfc062723c751e8b465ee728b)
Start importing Assets/PlayerMovement.cs using Guid(4157db67e5ca443099e6f257cb45ef73) Importer(815301076,1909f56bfc062723c751e8b465ee728b) (PreviewImporter) -> (artifact id: '569d0456d88916488d91da30d652fca4') in 0.002310416 seconds
Number of updated asset objects reloaded before import = 0Number of asset objects unloaded after import = 0

========================================================================
Received Prepare
Begin MonoManager ReloadAssembly
[Licensing::Client] Successfully resolved entitlement details
Thread 0x16d25b000 may have been prematurely finalized
- Loaded All Assemblies, in  0.801 seconds
Refreshing native plugins compatible for Editor in 0.36 ms, found 1 plugins.
Assertion failed on expression: 'pred(*previous, *i)'
Assertion failed on expression: 'pred(*previous, *i)'
Native extension for OSXStandalone target not found
Native extension for WebGL target not found
[Package Manager] Failed to launch server process. Reason: Unity was launched with the -noUpm command-line argument
[Package Manager] Unable to send message (not connected to server process).
[Package Manager] Cannot connect to Unity Package Manager local server
Mono: successfully reloaded assembly
- Finished resetting the current domain, in  1.144 seconds
Domain Reload Profiling: 1949ms
	BeginReloadAssembly (249ms)
		ExecutionOrderSort (0ms)
		DisableScriptedObjects (12ms)
		BackupInstance (0ms)
		ReleaseScriptingObjects (0ms)
		CreateAndSetChildDomain (98ms)
	RebuildCommonClasses (44ms)
	RebuildNativeTypeToScriptingClass (16ms)
	initialDomainReloadingComplete (29ms)
	LoadAllAssembliesAndSetupDomain (466ms)
		LoadAssemblies (313ms)
		RebuildTransferFunctionScriptingTraits (0ms)
		AnalyzeDomain (212ms)
			TypeCache.Refresh (13ms)
				TypeCache.ScanAssembly (0ms)
			BuildScriptInfoCaches (178ms)
			ResolveRequiredComponents (11ms)
	FinalizeReload (1145ms)
		ReleaseScriptCaches (0ms)
		RebuildScriptCaches (0ms)
		SetupLoadedEditorAssemblies (933ms)
			LogAssemblyErrors (0ms)
			InitializePlatformSupportModulesInManaged (3ms)
			SetLoadedEditorAssemblies (7ms)
			BeforeProcessingInitializeOnLoad (177ms)
			ProcessInitializeOnLoadAttributes (669ms)
			ProcessInitializeOnLoadMethodAttributes (77ms)
			AfterProcessingInitializeOnLoad (1ms)
			EditorAssembliesLoaded (0ms)
		ExecutionOrderSort2 (0ms)
		AwakeInstancesAfterBackupRestoration (17ms)
WARNING: Shader Unsupported: 'Universal Render Pipeline/VR/SpatialMapping/Wireframe' - All subshaders removed
WARNING: Shader Did you use #pragma only_renderers and omit this platform?
WARNING: Shader If subshaders removal was intentional, you may have forgotten turning Fallback off?
WARNING: Shader Unsupported: 'Universal Render Pipeline/VR/SpatialMapping/Wireframe' - All subshaders removed
WARNING: Shader Did you use #pragma only_renderers and omit this platform?
WARNING: Shader If subshaders removal was intentional, you may have forgotten turning Fallback off?
Refreshing native plugins compatible for Editor in 0.51 ms, found 1 plugins.
Preloading 0 native plugins for Editor in 0.00 ms.
Unloading 15 Unused Serialized files (Serialized files now loaded: 0)
Unloading 6124 unused Assets / (4.2 MB). Loaded Objects now: 6894.
Memory consumption went from 163.9 MB to 159.7 MB.
Total: 8.639625 ms (FindLiveObjects: 0.461000 ms CreateObjectMapping: 0.317041 ms MarkObjects: 6.042709 ms  DeleteObjects: 1.818000 ms)

Prepare: number of updated asset objects reloaded= 0
========================================================================
Received Prepare
WARNING: Shader Unsupported: 'Universal Render Pipeline/VR/SpatialMapping/Wireframe' - All subshaders removed
WARNING: Shader Did you use #pragma only_renderers and omit this platform?
WARNING: Shader If subshaders removal was intentional, you may have forgotten turning Fallback off?
WARNING: Shader Unsupported: 'Universal Render Pipeline/VR/SpatialMapping/Wireframe' - All subshaders removed
WARNING: Shader Did you use #pragma only_renderers and omit this platform?
WARNING: Shader If subshaders removal was intentional, you may have forgotten turning Fallback off?
Refreshing native plugins compatible for Editor in 0.73 ms, found 1 plugins.
Preloading 0 native plugins for Editor in 0.00 ms.
Unloading 15 Unused Serialized files (Serialized files now loaded: 0)
Unloading 6118 unused Assets / (3.4 MB). Loaded Objects now: 6894.
Memory consumption went from 155.0 MB to 151.6 MB.
Total: 51.150291 ms (FindLiveObjects: 1.262542 ms CreateObjectMapping: 1.179250 ms MarkObjects: 44.314166 ms  DeleteObjects: 4.392667 ms)

Prepare: number of updated asset objects reloaded= 0
========================================================================
Received Prepare
Begin MonoManager ReloadAssembly
[Licensing::Client] Successfully resolved entitlement details
Thread 0x16d25b000 may have been prematurely finalized
- Loaded All Assemblies, in  0.804 seconds
Refreshing native plugins compatible for Editor in 0.33 ms, found 1 plugins.
Assertion failed on expression: 'pred(*previous, *i)'
Assertion failed on expression: 'pred(*previous, *i)'
Native extension for OSXStandalone target not found
Native extension for WebGL target not found
[Package Manager] Failed to launch server process. Reason: Unity was launched with the -noUpm command-line argument
[Package Manager] Unable to send message (not connected to server process).
[Package Manager] Cannot connect to Unity Package Manager local server
Mono: successfully reloaded assembly
- Finished resetting the current domain, in  1.015 seconds
Domain Reload Profiling: 1822ms
	BeginReloadAssembly (251ms)
		ExecutionOrderSort (0ms)
		DisableScriptedObjects (8ms)
		BackupInstance (0ms)
		ReleaseScriptingObjects (0ms)
		CreateAndSetChildDomain (98ms)
	RebuildCommonClasses (43ms)
	RebuildNativeTypeToScriptingClass (16ms)
	initialDomainReloadingComplete (28ms)
	LoadAllAssembliesAndSetupDomain (469ms)
		LoadAssemblies (319ms)
		RebuildTransferFunctionScriptingTraits (0ms)
		AnalyzeDomain (211ms)
			TypeCache.Refresh (27ms)
				TypeCache.ScanAssembly (0ms)
			BuildScriptInfoCaches (170ms)
			ResolveRequiredComponents (11ms)
	FinalizeReload (1016ms)
		ReleaseScriptCaches (0ms)
		RebuildScriptCaches (0ms)
		SetupLoadedEditorAssemblies (845ms)
			LogAssemblyErrors (0ms)
			InitializePlatformSupportModulesInManaged (3ms)
			SetLoadedEditorAssemblies (7ms)
			BeforeProcessingInitializeOnLoad (207ms)
			ProcessInitializeOnLoadAttributes (580ms)
			ProcessInitializeOnLoadMethodAttributes (47ms)
			AfterProcessingInitializeOnLoad (1ms)
			EditorAssembliesLoaded (0ms)
		ExecutionOrderSort2 (0ms)
		AwakeInstancesAfterBackupRestoration (11ms)
WARNING: Shader Unsupported: 'Universal Render Pipeline/VR/SpatialMapping/Wireframe' - All subshaders removed
WARNING: Shader Did you use #pragma only_renderers and omit this platform?
WARNING: Shader If subshaders removal was intentional, you may have forgotten turning Fallback off?
WARNING: Shader Unsupported: 'Universal Render Pipeline/VR/SpatialMapping/Wireframe' - All subshaders removed
WARNING: Shader Did you use #pragma only_renderers and omit this platform?
WARNING: Shader If subshaders removal was intentional, you may have forgotten turning Fallback off?
Refreshing native plugins compatible for Editor in 0.43 ms, found 1 plugins.
Preloading 0 native plugins for Editor in 0.00 ms.
Unloading 15 Unused Serialized files (Serialized files now loaded: 0)
Unloading 6124 unused Assets / (3.2 MB). Loaded Objects now: 6897.
Memory consumption went from 161.6 MB to 158.4 MB.
Total: 8.220208 ms (FindLiveObjects: 0.374792 ms CreateObjectMapping: 0.311750 ms MarkObjects: 5.576125 ms  DeleteObjects: 1.957083 ms)

Prepare: number of updated asset objects reloaded= 0
========================================================================
Received Prepare
Begin MonoManager ReloadAssembly
Thread 0x16d25b000 may have been prematurely finalized
- Loaded All Assemblies, in  0.750 seconds
Refreshing native plugins compatible for Editor in 0.39 ms, found 1 plugins.
Assertion failed on expression: 'pred(*previous, *i)'
Assertion failed on expression: 'pred(*previous, *i)'
Native extension for OSXStandalone target not found
Native extension for WebGL target not found
[Package Manager] Failed to launch server process. Reason: Unity was launched with the -noUpm command-line argument
[Package Manager] Unable to send message (not connected to server process).
[Package Manager] Cannot connect to Unity Package Manager local server
Mono: successfully reloaded assembly
- Finished resetting the current domain, in  0.960 seconds
Domain Reload Profiling: 1714ms
	BeginReloadAssembly (233ms)
		ExecutionOrderSort (0ms)
		DisableScriptedObjects (11ms)
		BackupInstance (0ms)
		ReleaseScriptingObjects (0ms)
		CreateAndSetChildDomain (87ms)
	RebuildCommonClasses (46ms)
	RebuildNativeTypeToScriptingClass (16ms)
	initialDomainReloadingComplete (27ms)
	LoadAllAssembliesAndSetupDomain (431ms)
		LoadAssemblies (283ms)
		RebuildTransferFunctionScriptingTraits (0ms)
		AnalyzeDomain (203ms)
			TypeCache.Refresh (14ms)
				TypeCache.ScanAssembly (0ms)
			BuildScriptInfoCaches (172ms)
			ResolveRequiredComponents (12ms)
	FinalizeReload (961ms)
		ReleaseScriptCaches (0ms)
		RebuildScriptCaches (0ms)
		SetupLoadedEditorAssemblies (786ms)
			LogAssemblyErrors (0ms)
			InitializePlatformSupportModulesInManaged (2ms)
			SetLoadedEditorAssemblies (6ms)
			BeforeProcessingInitializeOnLoad (209ms)
			ProcessInitializeOnLoadAttributes (490ms)
			ProcessInitializeOnLoadMethodAttributes (76ms)
			AfterProcessingInitializeOnLoad (2ms)
			EditorAssembliesLoaded (0ms)
		ExecutionOrderSort2 (0ms)
		AwakeInstancesAfterBackupRestoration (21ms)
WARNING: Shader Unsupported: 'Universal Render Pipeline/VR/SpatialMapping/Wireframe' - All subshaders removed
WARNING: Shader Did you use #pragma only_renderers and omit this platform?
WARNING: Shader If subshaders removal was intentional, you may have forgotten turning Fallback off?
WARNING: Shader Unsupported: 'Universal Render Pipeline/VR/SpatialMapping/Wireframe' - All subshaders removed
WARNING: Shader Did you use #pragma only_renderers and omit this platform?
WARNING: Shader If subshaders removal was intentional, you may have forgotten turning Fallback off?
Refreshing native plugins compatible for Editor in 0.55 ms, found 1 plugins.
Preloading 0 native plugins for Editor in 0.00 ms.
Unloading 15 Unused Serialized files (Serialized files now loaded: 0)
Unloading 6124 unused Assets / (3.9 MB). Loaded Objects now: 6900.
Memory consumption went from 162.0 MB to 158.1 MB.
Total: 10.981375 ms (FindLiveObjects: 0.556291 ms CreateObjectMapping: 0.376292 ms MarkObjects: 7.985291 ms  DeleteObjects: 2.062625 ms)

Prepare: number of updated asset objects reloaded= 0
========================================================================
Received Prepare
Begin MonoManager ReloadAssembly
[Licensing::Client] Successfully resolved entitlement details
Thread 0x16d25b000 may have been prematurely finalized
- Loaded All Assemblies, in  0.792 seconds
Refreshing native plugins compatible for Editor in 0.33 ms, found 1 plugins.
Assertion failed on expression: 'pred(*previous, *i)'
Assertion failed on expression: 'pred(*previous, *i)'
Native extension for OSXStandalone target not found
Native extension for WebGL target not found
[Package Manager] Failed to launch server process. Reason: Unity was launched with the -noUpm command-line argument
[Package Manager] Unable to send message (not connected to server process).
[Package Manager] Cannot connect to Unity Package Manager local server
Mono: successfully reloaded assembly
- Finished resetting the current domain, in  1.153 seconds
Domain Reload Profiling: 1948ms
	BeginReloadAssembly (265ms)
		ExecutionOrderSort (0ms)
		DisableScriptedObjects (8ms)
		BackupInstance (0ms)
		ReleaseScriptingObjects (0ms)
		CreateAndSetChildDomain (100ms)
	RebuildCommonClasses (43ms)
	RebuildNativeTypeToScriptingClass (16ms)
	initialDomainReloadingComplete (24ms)
	LoadAllAssembliesAndSetupDomain (447ms)
		LoadAssemblies (300ms)
		RebuildTransferFunctionScriptingTraits (0ms)
		AnalyzeDomain (204ms)
			TypeCache.Refresh (13ms)
				TypeCache.ScanAssembly (0ms)
			BuildScriptInfoCaches (177ms)
			ResolveRequiredComponents (11ms)
	FinalizeReload (1154ms)
		ReleaseScriptCaches (0ms)
		RebuildScriptCaches (0ms)
		SetupLoadedEditorAssemblies (977ms)
			LogAssemblyErrors (0ms)
			InitializePlatformSupportModulesInManaged (6ms)
			SetLoadedEditorAssemblies (8ms)
			BeforeProcessingInitializeOnLoad (196ms)
			ProcessInitializeOnLoadAttributes (680ms)
			ProcessInitializeOnLoadMethodAttributes (85ms)
			AfterProcessingInitializeOnLoad (2ms)
			EditorAssembliesLoaded (0ms)
		ExecutionOrderSort2 (0ms)
		AwakeInstancesAfterBackupRestoration (20ms)
WARNING: Shader Unsupported: 'Universal Render Pipeline/VR/SpatialMapping/Wireframe' - All subshaders removed
WARNING: Shader Did you use #pragma only_renderers and omit this platform?
WARNING: Shader If subshaders removal was intentional, you may have forgotten turning Fallback off?
WARNING: Shader Unsupported: 'Universal Render Pipeline/VR/SpatialMapping/Wireframe' - All subshaders removed
WARNING: Shader Did you use #pragma only_renderers and omit this platform?
WARNING: Shader If subshaders removal was intentional, you may have forgotten turning Fallback off?
Refreshing native plugins compatible for Editor in 0.51 ms, found 1 plugins.
Preloading 0 native plugins for Editor in 0.00 ms.
Unloading 15 Unused Serialized files (Serialized files now loaded: 0)
Unloading 6124 unused Assets / (4.0 MB). Loaded Objects now: 6903.
Memory consumption went from 162.3 MB to 158.3 MB.
Total: 8.832542 ms (FindLiveObjects: 0.377125 ms CreateObjectMapping: 0.311875 ms MarkObjects: 6.275959 ms  DeleteObjects: 1.866708 ms)

Prepare: number of updated asset objects reloaded= 0
